2018-04-03 19:45:39 Notice: Notice (8): Undefined index: keyword in [/Applications/MAMP/htdocs/todo_managementer/app/Controller/TasksController.php, line 43]
Trace:
ErrorHandler::handleError() - CORE/Cake/Error/ErrorHandler.php, line 230
TasksController::search() - APP/Controller/TasksController.php, line 43
ReflectionMethod::invokeArgs() - [internal], line ??
Controller::invokeAction() - CORE/Cake/Controller/Controller.php, line 491
Dispatcher::_invoke() - CORE/Cake/Routing/Dispatcher.php, line 193
Dispatcher::dispatch() - CORE/Cake/Routing/Dispatcher.php, line 167
[main] - APP/webroot/index.php, line 117

2018-04-03 19:45:39 Notice: Notice (8): Undefined index: keyword in [/Applications/MAMP/htdocs/todo_managementer/app/View/Tasks/search.ctp, line 14]
Trace:
ErrorHandler::handleError() - CORE/Cake/Error/ErrorHandler.php, line 230
include - APP/View/Tasks/search.ctp, line 14
View::_evaluate() - CORE/Cake/View/View.php, line 971
View::_render() - CORE/Cake/View/View.php, line 933
View::render() - CORE/Cake/View/View.php, line 473
Controller::render() - CORE/Cake/Controller/Controller.php, line 963
Dispatcher::_invoke() - CORE/Cake/Routing/Dispatcher.php, line 200
Dispatcher::dispatch() - CORE/Cake/Routing/Dispatcher.php, line 167
[main] - APP/webroot/index.php, line 117

2018-04-03 19:46:06 Notice: Notice (8): Undefined index: keyword in [/Applications/MAMP/htdocs/todo_managementer/app/Controller/TasksController.php, line 43]
Trace:
ErrorHandler::handleError() - CORE/Cake/Error/ErrorHandler.php, line 230
TasksController::search() - APP/Controller/TasksController.php, line 43
ReflectionMethod::invokeArgs() - [internal], line ??
Controller::invokeAction() - CORE/Cake/Controller/Controller.php, line 491
Dispatcher::_invoke() - CORE/Cake/Routing/Dispatcher.php, line 193
Dispatcher::dispatch() - CORE/Cake/Routing/Dispatcher.php, line 167
[main] - APP/webroot/index.php, line 117

2018-04-03 19:46:06 Notice: Notice (8): Undefined index: keyword in [/Applications/MAMP/htdocs/todo_managementer/app/View/Tasks/search.ctp, line 14]
Trace:
ErrorHandler::handleError() - CORE/Cake/Error/ErrorHandler.php, line 230
include - APP/View/Tasks/search.ctp, line 14
View::_evaluate() - CORE/Cake/View/View.php, line 971
View::_render() - CORE/Cake/View/View.php, line 933
View::render() - CORE/Cake/View/View.php, line 473
Controller::render() - CORE/Cake/Controller/Controller.php, line 963
Dispatcher::_invoke() - CORE/Cake/Routing/Dispatcher.php, line 200
Dispatcher::dispatch() - CORE/Cake/Routing/Dispatcher.php, line 167
[main] - APP/webroot/index.php, line 117

2018-04-03 19:46:07 Notice: Notice (8): Undefined index: keyword in [/Applications/MAMP/htdocs/todo_managementer/app/Controller/TasksController.php, line 43]
Trace:
ErrorHandler::handleError() - CORE/Cake/Error/ErrorHandler.php, line 230
TasksController::search() - APP/Controller/TasksController.php, line 43
ReflectionMethod::invokeArgs() - [internal], line ??
Controller::invokeAction() - CORE/Cake/Controller/Controller.php, line 491
Dispatcher::_invoke() - CORE/Cake/Routing/Dispatcher.php, line 193
Dispatcher::dispatch() - CORE/Cake/Routing/Dispatcher.php, line 167
[main] - APP/webroot/index.php, line 117

2018-04-03 19:46:07 Notice: Notice (8): Undefined index: keyword in [/Applications/MAMP/htdocs/todo_managementer/app/View/Tasks/search.ctp, line 14]
Trace:
ErrorHandler::handleError() - CORE/Cake/Error/ErrorHandler.php, line 230
include - APP/View/Tasks/search.ctp, line 14
View::_evaluate() - CORE/Cake/View/View.php, line 971
View::_render() - CORE/Cake/View/View.php, line 933
View::render() - CORE/Cake/View/View.php, line 473
Controller::render() - CORE/Cake/Controller/Controller.php, line 963
Dispatcher::_invoke() - CORE/Cake/Routing/Dispatcher.php, line 200
Dispatcher::dispatch() - CORE/Cake/Routing/Dispatcher.php, line 167
[main] - APP/webroot/index.php, line 117

2018-04-03 20:00:28 Notice: Notice (8): Undefined variable: error in [/Applications/MAMP/htdocs/todo_managementer/app/View/Tasks/index.ctp, line 34]
Trace:
ErrorHandler::handleError() - CORE/Cake/Error/ErrorHandler.php, line 230
include - APP/View/Tasks/index.ctp, line 34
View::_evaluate() - CORE/Cake/View/View.php, line 971
View::_render() - CORE/Cake/View/View.php, line 933
View::render() - CORE/Cake/View/View.php, line 473
Controller::render() - CORE/Cake/Controller/Controller.php, line 963
Dispatcher::_invoke() - CORE/Cake/Routing/Dispatcher.php, line 200
Dispatcher::dispatch() - CORE/Cake/Routing/Dispatcher.php, line 167
[main] - APP/webroot/index.php, line 117

2018-04-03 20:00:35 Notice: Notice (8): Undefined variable: error in [/Applications/MAMP/htdocs/todo_managementer/app/View/Tasks/index.ctp, line 34]
Trace:
ErrorHandler::handleError() - CORE/Cake/Error/ErrorHandler.php, line 230
include - APP/View/Tasks/index.ctp, line 34
View::_evaluate() - CORE/Cake/View/View.php, line 971
View::_render() - CORE/Cake/View/View.php, line 933
View::render() - CORE/Cake/View/View.php, line 473
Controller::render() - CORE/Cake/Controller/Controller.php, line 963
Dispatcher::_invoke() - CORE/Cake/Routing/Dispatcher.php, line 200
Dispatcher::dispatch() - CORE/Cake/Routing/Dispatcher.php, line 167
[main] - APP/webroot/index.php, line 117

2018-04-03 20:01:41 Notice: Notice (8): Undefined variable: error in [/Applications/MAMP/htdocs/todo_managementer/app/View/Tasks/index.ctp, line 34]
Trace:
ErrorHandler::handleError() - CORE/Cake/Error/ErrorHandler.php, line 230
include - APP/View/Tasks/index.ctp, line 34
View::_evaluate() - CORE/Cake/View/View.php, line 971
View::_render() - CORE/Cake/View/View.php, line 933
View::render() - CORE/Cake/View/View.php, line 473
Controller::render() - CORE/Cake/Controller/Controller.php, line 963
Dispatcher::_invoke() - CORE/Cake/Routing/Dispatcher.php, line 200
Dispatcher::dispatch() - CORE/Cake/Routing/Dispatcher.php, line 167
[main] - APP/webroot/index.php, line 117

2018-04-03 20:01:41 Notice: Notice (8): Undefined variable: log in [/Applications/MAMP/htdocs/todo_managementer/app/View/Tasks/index.ctp, line 36]
Trace:
ErrorHandler::handleError() - CORE/Cake/Error/ErrorHandler.php, line 230
include - APP/View/Tasks/index.ctp, line 36
View::_evaluate() - CORE/Cake/View/View.php, line 971
View::_render() - CORE/Cake/View/View.php, line 933
View::render() - CORE/Cake/View/View.php, line 473
Controller::render() - CORE/Cake/Controller/Controller.php, line 963
Dispatcher::_invoke() - CORE/Cake/Routing/Dispatcher.php, line 200
Dispatcher::dispatch() - CORE/Cake/Routing/Dispatcher.php, line 167
[main] - APP/webroot/index.php, line 117

2018-04-03 20:01:47 Notice: Notice (8): Undefined variable: error in [/Applications/MAMP/htdocs/todo_managementer/app/View/Tasks/index.ctp, line 34]
Trace:
ErrorHandler::handleError() - CORE/Cake/Error/ErrorHandler.php, line 230
include - APP/View/Tasks/index.ctp, line 34
View::_evaluate() - CORE/Cake/View/View.php, line 971
View::_render() - CORE/Cake/View/View.php, line 933
View::render() - CORE/Cake/View/View.php, line 473
Controller::render() - CORE/Cake/Controller/Controller.php, line 963
Dispatcher::_invoke() - CORE/Cake/Routing/Dispatcher.php, line 200
Dispatcher::dispatch() - CORE/Cake/Routing/Dispatcher.php, line 167
[main] - APP/webroot/index.php, line 117

2018-04-03 20:01:47 Notice: Notice (8): Undefined variable: log in [/Applications/MAMP/htdocs/todo_managementer/app/View/Tasks/index.ctp, line 36]
Trace:
ErrorHandler::handleError() - CORE/Cake/Error/ErrorHandler.php, line 230
include - APP/View/Tasks/index.ctp, line 36
View::_evaluate() - CORE/Cake/View/View.php, line 971
View::_render() - CORE/Cake/View/View.php, line 933
View::render() - CORE/Cake/View/View.php, line 473
Controller::render() - CORE/Cake/Controller/Controller.php, line 963
Dispatcher::_invoke() - CORE/Cake/Routing/Dispatcher.php, line 200
Dispatcher::dispatch() - CORE/Cake/Routing/Dispatcher.php, line 167
[main] - APP/webroot/index.php, line 117

2018-04-03 20:02:36 Notice: Notice (8): Undefined variable: error in [/Applications/MAMP/htdocs/todo_managementer/app/View/Tasks/index.ctp, line 34]
Trace:
ErrorHandler::handleError() - CORE/Cake/Error/ErrorHandler.php, line 230
include - APP/View/Tasks/index.ctp, line 34
View::_evaluate() - CORE/Cake/View/View.php, line 971
View::_render() - CORE/Cake/View/View.php, line 933
View::render() - CORE/Cake/View/View.php, line 473
Controller::render() - CORE/Cake/Controller/Controller.php, line 963
Dispatcher::_invoke() - CORE/Cake/Routing/Dispatcher.php, line 200
Dispatcher::dispatch() - CORE/Cake/Routing/Dispatcher.php, line 167
[main] - APP/webroot/index.php, line 117

2018-04-03 20:02:36 Notice: Notice (8): Undefined variable: log in [/Applications/MAMP/htdocs/todo_managementer/app/View/Tasks/index.ctp, line 36]
Trace:
ErrorHandler::handleError() - CORE/Cake/Error/ErrorHandler.php, line 230
include - APP/View/Tasks/index.ctp, line 36
View::_evaluate() - CORE/Cake/View/View.php, line 971
View::_render() - CORE/Cake/View/View.php, line 933
View::render() - CORE/Cake/View/View.php, line 473
Controller::render() - CORE/Cake/Controller/Controller.php, line 963
Dispatcher::_invoke() - CORE/Cake/Routing/Dispatcher.php, line 200
Dispatcher::dispatch() - CORE/Cake/Routing/Dispatcher.php, line 167
[main] - APP/webroot/index.php, line 117

2018-04-03 20:03:14 Notice: Notice (8): Undefined variable: error in [/Applications/MAMP/htdocs/todo_managementer/app/View/Tasks/index.ctp, line 34]
Trace:
ErrorHandler::handleError() - CORE/Cake/Error/ErrorHandler.php, line 230
include - APP/View/Tasks/index.ctp, line 34
View::_evaluate() - CORE/Cake/View/View.php, line 971
View::_render() - CORE/Cake/View/View.php, line 933
View::render() - CORE/Cake/View/View.php, line 473
Controller::render() - CORE/Cake/Controller/Controller.php, line 963
Dispatcher::_invoke() - CORE/Cake/Routing/Dispatcher.php, line 200
Dispatcher::dispatch() - CORE/Cake/Routing/Dispatcher.php, line 167
[main] - APP/webroot/index.php, line 117

2018-04-03 20:03:14 Notice: Notice (8): Undefined variable: log in [/Applications/MAMP/htdocs/todo_managementer/app/View/Tasks/index.ctp, line 36]
Trace:
ErrorHandler::handleError() - CORE/Cake/Error/ErrorHandler.php, line 230
include - APP/View/Tasks/index.ctp, line 36
View::_evaluate() - CORE/Cake/View/View.php, line 971
View::_render() - CORE/Cake/View/View.php, line 933
View::render() - CORE/Cake/View/View.php, line 473
Controller::render() - CORE/Cake/Controller/Controller.php, line 963
Dispatcher::_invoke() - CORE/Cake/Routing/Dispatcher.php, line 200
Dispatcher::dispatch() - CORE/Cake/Routing/Dispatcher.php, line 167
[main] - APP/webroot/index.php, line 117

2018-04-04 14:05:43 Notice: Notice (8): Undefined index: title in [/Applications/MAMP/htdocs/todo_managementer/app/Controller/TasksController.php, line 21]
Trace:
ErrorHandler::handleError() - CORE/Cake/Error/ErrorHandler.php, line 230
TasksController::create() - APP/Controller/TasksController.php, line 21
ReflectionMethod::invokeArgs() - [internal], line ??
Controller::invokeAction() - CORE/Cake/Controller/Controller.php, line 491
Dispatcher::_invoke() - CORE/Cake/Routing/Dispatcher.php, line 193
Dispatcher::dispatch() - CORE/Cake/Routing/Dispatcher.php, line 167
[main] - APP/webroot/index.php, line 117

2018-04-04 14:05:43 Notice: Notice (8): Undefined index: limit_date in [/Applications/MAMP/htdocs/todo_managementer/app/Controller/TasksController.php, line 21]
Trace:
ErrorHandler::handleError() - CORE/Cake/Error/ErrorHandler.php, line 230
TasksController::create() - APP/Controller/TasksController.php, line 21
ReflectionMethod::invokeArgs() - [internal], line ??
Controller::invokeAction() - CORE/Cake/Controller/Controller.php, line 491
Dispatcher::_invoke() - CORE/Cake/Routing/Dispatcher.php, line 193
Dispatcher::dispatch() - CORE/Cake/Routing/Dispatcher.php, line 167
[main] - APP/webroot/index.php, line 117

2018-04-04 14:10:25 Notice: Notice (8): Undefined variable: error in [/Applications/MAMP/htdocs/todo_managementer/app/View/Tasks/index.ctp, line 34]
Trace:
ErrorHandler::handleError() - CORE/Cake/Error/ErrorHandler.php, line 230
include - APP/View/Tasks/index.ctp, line 34
View::_evaluate() - CORE/Cake/View/View.php, line 971
View::_render() - CORE/Cake/View/View.php, line 933
View::render() - CORE/Cake/View/View.php, line 473
Controller::render() - CORE/Cake/Controller/Controller.php, line 963
Dispatcher::_invoke() - CORE/Cake/Routing/Dispatcher.php, line 200
Dispatcher::dispatch() - CORE/Cake/Routing/Dispatcher.php, line 167
[main] - APP/webroot/index.php, line 117

2018-04-04 14:10:25 Notice: Notice (8): Undefined variable: log in [/Applications/MAMP/htdocs/todo_managementer/app/View/Tasks/index.ctp, line 36]
Trace:
ErrorHandler::handleError() - CORE/Cake/Error/ErrorHandler.php, line 230
include - APP/View/Tasks/index.ctp, line 36
View::_evaluate() - CORE/Cake/View/View.php, line 971
View::_render() - CORE/Cake/View/View.php, line 933
View::render() - CORE/Cake/View/View.php, line 473
Controller::render() - CORE/Cake/Controller/Controller.php, line 963
Dispatcher::_invoke() - CORE/Cake/Routing/Dispatcher.php, line 200
Dispatcher::dispatch() - CORE/Cake/Routing/Dispatcher.php, line 167
[main] - APP/webroot/index.php, line 117

2018-04-04 14:13:28 Notice: Notice (8): Undefined variable: error in [/Applications/MAMP/htdocs/todo_managementer/app/View/Tasks/index.ctp, line 14]
Trace:
ErrorHandler::handleError() - CORE/Cake/Error/ErrorHandler.php, line 230
include - APP/View/Tasks/index.ctp, line 14
View::_evaluate() - CORE/Cake/View/View.php, line 971
View::_render() - CORE/Cake/View/View.php, line 933
View::render() - CORE/Cake/View/View.php, line 473
Controller::render() - CORE/Cake/Controller/Controller.php, line 963
Dispatcher::_invoke() - CORE/Cake/Routing/Dispatcher.php, line 200
Dispatcher::dispatch() - CORE/Cake/Routing/Dispatcher.php, line 167
[main] - APP/webroot/index.php, line 117

2018-04-04 14:13:28 Notice: Notice (8): Undefined variable: error in [/Applications/MAMP/htdocs/todo_managementer/app/View/Tasks/index.ctp, line 16]
Trace:
ErrorHandler::handleError() - CORE/Cake/Error/ErrorHandler.php, line 230
include - APP/View/Tasks/index.ctp, line 16
View::_evaluate() - CORE/Cake/View/View.php, line 971
View::_render() - CORE/Cake/View/View.php, line 933
View::render() - CORE/Cake/View/View.php, line 473
Controller::render() - CORE/Cake/Controller/Controller.php, line 963
Dispatcher::_invoke() - CORE/Cake/Routing/Dispatcher.php, line 200
Dispatcher::dispatch() - CORE/Cake/Routing/Dispatcher.php, line 167
[main] - APP/webroot/index.php, line 117

2018-04-04 14:13:46 Notice: Notice (8): Undefined index: date in [/Applications/MAMP/htdocs/todo_managementer/app/View/Tasks/index.ctp, line 16]
Trace:
ErrorHandler::handleError() - CORE/Cake/Error/ErrorHandler.php, line 230
include - APP/View/Tasks/index.ctp, line 16
View::_evaluate() - CORE/Cake/View/View.php, line 971
View::_render() - CORE/Cake/View/View.php, line 933
View::render() - CORE/Cake/View/View.php, line 473
Controller::render() - CORE/Cake/Controller/Controller.php, line 963
TasksController::create() - APP/Controller/TasksController.php, line 25
ReflectionMethod::invokeArgs() - [internal], line ??
Controller::invokeAction() - CORE/Cake/Controller/Controller.php, line 491
Dispatcher::_invoke() - CORE/Cake/Routing/Dispatcher.php, line 193
Dispatcher::dispatch() - CORE/Cake/Routing/Dispatcher.php, line 167
[main] - APP/webroot/index.php, line 117

